Using pre-set license
Built from '2022.3/staging' branch; Version is '2022.3.10f1 (ff3792e53c62) revision 16725906'; Using compiler version '192829333'; Build Type 'Release'
OS: 'Windows 11  (10.0.22631) 64bit CoreSingleLanguage' Language: 'tr' Physical Memory: 7599 MB
BatchMode: 1, IsHumanControllingUs: 0, StartBugReporterOnCrash: 0, Is64bit: 1, IsPro: 1

COMMAND LINE ARGUMENTS:
C:\Program Files\Unity\Hub\Editor\2022.3.10f1\Editor\Unity.exe
-adb2
-batchMode
-noUpm
-name
AssetImportWorker2
-projectPath
C:/Users/USER/Desktop/Unity/Unity-Projects/GreatShot
-logFile
Logs/AssetImportWorker2.log
-srvPort
62470
Successfully changed project path to: C:/Users/USER/Desktop/Unity/Unity-Projects/GreatShot
C:/Users/USER/Desktop/Unity/Unity-Projects/GreatShot
[UnityMemory] Configuration Parameters - Can be set up in boot.config
    "memorysetup-bucket-allocator-granularity=16"
    "memorysetup-bucket-allocator-bucket-count=8"
    "memorysetup-bucket-allocator-block-size=33554432"
    "memorysetup-bucket-allocator-block-count=8"
    "memorysetup-main-allocator-block-size=16777216"
    "memorysetup-thread-allocator-block-size=16777216"
    "memorysetup-gfx-main-allocator-block-size=16777216"
    "memorysetup-gfx-thread-allocator-block-size=16777216"
    "memorysetup-cache-allocator-block-size=4194304"
    "memorysetup-typetree-allocator-block-size=2097152"
    "memorysetup-profiler-bucket-allocator-granularity=16"
    "memorysetup-profiler-bucket-allocator-bucket-count=8"
    "memorysetup-profiler-bucket-allocator-block-size=33554432"
    "memorysetup-profiler-bucket-allocator-block-count=8"
    "memorysetup-profiler-allocator-block-size=16777216"
    "memorysetup-profiler-editor-allocator-block-size=1048576"
    "memorysetup-temp-allocator-size-main=16777216"
    "memorysetup-job-temp-allocator-block-size=2097152"
    "memorysetup-job-temp-allocator-block-size-background=1048576"
    "memorysetup-job-temp-allocator-reduction-small-platforms=262144"
    "memorysetup-allocator-temp-initial-block-size-main=262144"
    "memorysetup-allocator-temp-initial-block-size-worker=262144"
    "memorysetup-temp-allocator-size-background-worker=32768"
    "memorysetup-temp-allocator-size-job-worker=262144"
    "memorysetup-temp-allocator-size-preload-manager=33554432"
    "memorysetup-temp-allocator-size-nav-mesh-worker=65536"
    "memorysetup-temp-allocator-size-audio-worker=65536"
    "memorysetup-temp-allocator-size-cloud-worker=32768"
    "memorysetup-temp-allocator-size-gi-baking-worker=262144"
    "memorysetup-temp-allocator-size-gfx=262144"
Player connection [18824] Host "[IP] 192.168.1.106 [Port] 0 [Flags] 2 [Guid] 1706454489 [EditorId] 1706454489 [Version] 1048832 [Id] WindowsEditor(7,BerkSahin) [Debug] 1 [PackageName] WindowsEditor [ProjectName] Editor" joined multi-casting on [225.0.0.222:54997]...

Player connection [18824] Host "[IP] 192.168.1.106 [Port] 0 [Flags] 2 [Guid] 1706454489 [EditorId] 1706454489 [Version] 1048832 [Id] WindowsEditor(7,BerkSahin) [Debug] 1 [PackageName] WindowsEditor [ProjectName] Editor" joined alternative multi-casting on [225.0.0.222:34997]...

[Physics::Module] Initialized MultithreadedJobDispatcher with 15 workers.
Refreshing native plugins compatible for Editor in 18.95 ms, found 3 plugins.
Preloading 0 native plugins for Editor in 0.00 ms.
Initialize engine version: 2022.3.10f1 (ff3792e53c62)
[Subsystems] Discovering subsystems at path C:/Program Files/Unity/Hub/Editor/2022.3.10f1/Editor/Data/Resources/UnitySubsystems
[Subsystems] Discovering subsystems at path C:/Users/USER/Desktop/Unity/Unity-Projects/GreatShot/Assets
GfxDevice: creating device client; threaded=0; jobified=0
Direct3D:
    Version:  Direct3D 11.0 [level 11.1]
    Renderer: NVIDIA GeForce GTX 1650 (ID=0x1f9d)
    Vendor:   NVIDIA
    VRAM:     3950 MB
    Driver:   31.0.15.4633
Initialize mono
Mono path[0] = 'C:/Program Files/Unity/Hub/Editor/2022.3.10f1/Editor/Data/Managed'
Mono path[1] = 'C:/Program Files/Unity/Hub/Editor/2022.3.10f1/Editor/Data/MonoBleedingEdge/lib/mono/unityjit-win32'
Mono config path = 'C:/Program Files/Unity/Hub/Editor/2022.3.10f1/Editor/Data/MonoBleedingEdge/etc'
Using monoOptions --debugger-agent=transport=dt_socket,embedding=1,server=y,suspend=n,address=127.0.0.1:56012
Begin MonoManager ReloadAssembly
Registering precompiled unity dll's ...
Register platform support module: C:/Program Files/Unity/Hub/Editor/2022.3.10f1/Editor/Data/PlaybackEngines/WebGLSupport/UnityEditor.WebGL.Extensions.dll
Register platform support module: C:/Program Files/Unity/Hub/Editor/2022.3.10f1/Editor/Data/PlaybackEngines/WindowsStandaloneSupport/UnityEditor.WindowsStandalone.Extensions.dll
Registered in 0.007943 seconds.
- Loaded All Assemblies, in  0.619 seconds
Native extension for WindowsStandalone target not found
Native extension for WebGL target not found
Mono: successfully reloaded assembly
- Finished resetting the current domain, in  0.296 seconds
Domain Reload Profiling: 914ms
	BeginReloadAssembly (343ms)
		ExecutionOrderSort (0ms)
		DisableScriptedObjects (0ms)
		BackupInstance (0ms)
		ReleaseScriptingObjects (0ms)
		CreateAndSetChildDomain (1ms)
	RebuildCommonClasses (38ms)
	RebuildNativeTypeToScriptingClass (11ms)
	initialDomainReloadingComplete (66ms)
	LoadAllAssembliesAndSetupDomain (160ms)
		LoadAssemblies (337ms)
		RebuildTransferFunctionScriptingTraits (0ms)
		AnalyzeDomain (158ms)
			TypeCache.Refresh (157ms)
				TypeCache.ScanAssembly (141ms)
			ScanForSourceGeneratedMonoScriptInfo (0ms)
			ResolveRequiredComponents (1ms)
	FinalizeReload (296ms)
		ReleaseScriptCaches (0ms)
		RebuildScriptCaches (0ms)
		SetupLoadedEditorAssemblies (232ms)
			LogAssemblyErrors (0ms)
			InitializePlatformSupportModulesInManaged (10ms)
			SetLoadedEditorAssemblies (8ms)
			RefreshPlugins (0ms)
			BeforeProcessingInitializeOnLoad (2ms)
			ProcessInitializeOnLoadAttributes (161ms)
			ProcessInitializeOnLoadMethodAttributes (51ms)
			AfterProcessingInitializeOnLoad (0ms)
			EditorAssembliesLoaded (0ms)
		ExecutionOrderSort2 (0ms)
		AwakeInstancesAfterBackupRestoration (0ms)
========================================================================
Worker process is ready to serve import requests
Begin MonoManager ReloadAssembly
- Loaded All Assemblies, in  0.973 seconds
Refreshing native plugins compatible for Editor in 3.00 ms, found 3 plugins.
Native extension for WindowsStandalone target not found
Native extension for WebGL target not found
Package Manager log level set to [2]
[Package Manager] Server::EnsureServerProcessIsRunning -- launch failed, reason: Unity was launched with the -noUpm command-line argument
[Package Manager] UpmClient::Send -- Unable to send message (not connected to UPM process).
[Package Manager] Cannot connect to Unity Package Manager local server
Mono: successfully reloaded assembly
- Finished resetting the current domain, in  0.888 seconds
Domain Reload Profiling: 1858ms
	BeginReloadAssembly (181ms)
		ExecutionOrderSort (0ms)
		DisableScriptedObjects (8ms)
		BackupInstance (0ms)
		ReleaseScriptingObjects (0ms)
		CreateAndSetChildDomain (27ms)
	RebuildCommonClasses (39ms)
	RebuildNativeTypeToScriptingClass (11ms)
	initialDomainReloadingComplete (53ms)
	LoadAllAssembliesAndSetupDomain (687ms)
		LoadAssemblies (583ms)
		RebuildTransferFunctionScriptingTraits (0ms)
		AnalyzeDomain (213ms)
			TypeCache.Refresh (190ms)
				TypeCache.ScanAssembly (168ms)
			ScanForSourceGeneratedMonoScriptInfo (18ms)
			ResolveRequiredComponents (4ms)
	FinalizeReload (888ms)
		ReleaseScriptCaches (0ms)
		RebuildScriptCaches (0ms)
		SetupLoadedEditorAssemblies (733ms)
			LogAssemblyErrors (0ms)
			InitializePlatformSupportModulesInManaged (8ms)
			SetLoadedEditorAssemblies (5ms)
			RefreshPlugins (0ms)
			BeforeProcessingInitializeOnLoad (75ms)
			ProcessInitializeOnLoadAttributes (619ms)
			ProcessInitializeOnLoadMethodAttributes (20ms)
			AfterProcessingInitializeOnLoad (7ms)
			EditorAssembliesLoaded (0ms)
		ExecutionOrderSort2 (0ms)
		AwakeInstancesAfterBackupRestoration (7ms)
Launched and connected shader compiler UnityShaderCompiler.exe after 0.13 seconds
Refreshing native plugins compatible for Editor in 4.15 ms, found 3 plugins.
Preloading 0 native plugins for Editor in 0.00 ms.
Unloading 3075 Unused Serialized files (Serialized files now loaded: 0)
Unloading 31 unused Assets / (56.7 KB). Loaded Objects now: 3537.
Memory consumption went from 114.6 MB to 114.6 MB.
Total: 5.047700 ms (FindLiveObjects: 0.426700 ms CreateObjectMapping: 0.138300 ms MarkObjects: 4.183400 ms  DeleteObjects: 0.296200 ms)

AssetImportParameters requested are different than current active one (requested -> active):
  custom:container-demuxer-ogg: 62fdf1f143b41e24485cea50d1cbac27 -> 
  custom:video-codec-MediaFoundation-h265: 746d11721c4dcdbdad8f713fa42b33f4 -> 
  custom:video-decoder-ogg-theora: a1e56fd34408186e4bbccfd4996cb3dc -> 
  custom:framework-win-MediaFoundation: 216162199b28c13a410421893ffa2e32 -> 
  custom:CustomObjectIndexerAttribute: 756ad292c208cfabdd7b50bc23989ffe -> 
  custom:container-demuxer-webm: 4f35f7cbe854078d1ac9338744f61a02 -> 
  custom:container-muxer-webm: aa71ff27fc2769a1b78a27578f13a17b -> 
  custom:video-decoder-webm-vp8: 9c59270c3fd7afecdb556c50c9e8de78 -> 
  custom:SearchIndexIgnoredProperties: e643bd26f0fe6173181afceb89e7c659 -> 
  custom:AudioImporter_EditorPlatform: d09bf68614088b80899f8185d706f6e7 -> 
  custom:video-encoder-webm-vp8: eb34c28f22e8b96e1ab97ce403110664 -> 
  custom:audio-decoder-ogg-vorbis: bf7c407c2cedff20999df2af8eb42d56 -> 
  custom:audio-encoder-webm-vorbis: bf7c407c2cedff20999df2af8eb42d56 -> 
========================================================================
Received Import Request.
  Time since last request: 173975.414029 seconds.
  path: Assets/Hand Painted Grass  Texture/Texture
  artifactKey: Guid(d56f723426700264a98da6a6c231c70f) Importer(2089858483,0ecaa5967403d082aa24f35e1b516d23)
Start importing Assets/Hand Painted Grass  Texture/Texture using Guid(d56f723426700264a98da6a6c231c70f) Importer(2089858483,0ecaa5967403d082aa24f35e1b516d23) Generated GUIDs only implemented for interfaces!
 -> (artifact id: 'e59556a2a848d0d050cfa87f422d5c6d') in 0.165746 seconds
Number of updated asset objects reloaded before import = 0
Number of asset objects unloaded after import = 1
========================================================================
Received Import Request.
  Time since last request: 0.000098 seconds.
  path: Assets/Hand Painted Grass  Texture/Material/Gtass_normal.mat
  artifactKey: Guid(ffa9f731b331c2e40a2d09ecab6118c2) Importer(2089858483,0ecaa5967403d082aa24f35e1b516d23)
Start importing Assets/Hand Painted Grass  Texture/Material/Gtass_normal.mat using Guid(ffa9f731b331c2e40a2d09ecab6118c2) Importer(2089858483,0ecaa5967403d082aa24f35e1b516d23) Generated GUIDs only implemented for interfaces!
 -> (artifact id: '5ee07efe8193626a57e8dc01b8b2de3b') in 0.271560 seconds
Number of updated asset objects reloaded before import = 0
Number of asset objects unloaded after import = 5
========================================================================
Received Import Request.
  Time since last request: 4.479982 seconds.
  path: Assets/Hand Painted Grass  Texture/Texture
  artifactKey: Guid(d56f723426700264a98da6a6c231c70f) Importer(815301076,1909f56bfc062723c751e8b465ee728b)
Start importing Assets/Hand Painted Grass  Texture/Texture using Guid(d56f723426700264a98da6a6c231c70f) Importer(815301076,1909f56bfc062723c751e8b465ee728b)  -> (artifact id: 'b9e477afe05700749d04ecdb208aeed4') in 0.000734 seconds
Number of updated asset objects reloaded before import = 0
Number of asset objects unloaded after import = 0
========================================================================
Received Import Request.
  Time since last request: 0.048340 seconds.
  path: Assets/Hand Painted Grass  Texture/Texture/Grass_Ambient_Occlusion.png
  artifactKey: Guid(71468deba7cb7f64082a57412b0cca8f) Importer(815301076,1909f56bfc062723c751e8b465ee728b)
Start importing Assets/Hand Painted Grass  Texture/Texture/Grass_Ambient_Occlusion.png using Guid(71468deba7cb7f64082a57412b0cca8f) Importer(815301076,1909f56bfc062723c751e8b465ee728b)  -> (artifact id: 'fedaa7dcd38dde7735aa7666d71ada25') in 0.137005 seconds
Number of updated asset objects reloaded before import = 0
Number of asset objects unloaded after import = 2
========================================================================
Received Import Request.
  Time since last request: 5.095559 seconds.
  path: Assets/Hand Painted Grass  Texture/Texture/Materials
  artifactKey: Guid(aa131fedab1c9c143ad2c6b5c6ef2f5c) Importer(2089858483,0ecaa5967403d082aa24f35e1b516d23)
Start importing Assets/Hand Painted Grass  Texture/Texture/Materials using Guid(aa131fedab1c9c143ad2c6b5c6ef2f5c) Importer(2089858483,0ecaa5967403d082aa24f35e1b516d23) Generated GUIDs only implemented for interfaces!
 -> (artifact id: '8cd5349a3b98fbee8a20d9149f6515c2') in 0.020342 seconds
Number of updated asset objects reloaded before import = 0
Number of asset objects unloaded after import = 1
========================================================================
Received Import Request.
  Time since last request: 9.109156 seconds.
  path: Assets/Soccer Ball/Prefabs
  artifactKey: Guid(0568f5915658c3f4fa3c842868a406ee) Importer(815301076,1909f56bfc062723c751e8b465ee728b)
Start importing Assets/Soccer Ball/Prefabs using Guid(0568f5915658c3f4fa3c842868a406ee) Importer(815301076,1909f56bfc062723c751e8b465ee728b)  -> (artifact id: '3cdd9992e0702047582fd63271d42181') in 0.001045 seconds
Number of updated asset objects reloaded before import = 0
Number of asset objects unloaded after import = 0
========================================================================
Received Import Request.
  Time since last request: 0.057167 seconds.
  path: Assets/Soccer Ball/Prefabs/Soccer Ball.prefab
  artifactKey: Guid(ec3e8f3ed27e2244caaedaf589590a03) Importer(815301076,1909f56bfc062723c751e8b465ee728b)
Start importing Assets/Soccer Ball/Prefabs/Soccer Ball.prefab using Guid(ec3e8f3ed27e2244caaedaf589590a03) Importer(815301076,1909f56bfc062723c751e8b465ee728b)  -> (artifact id: 'e0b6daaeb22810f918b89a755f13d5e9') in 0.380280 seconds
Number of updated asset objects reloaded before import = 0
Number of asset objects unloaded after import = 11
========================================================================
Received Import Request.
  Time since last request: 35.967818 seconds.
  path: Assets/Assets
  artifactKey: Guid(4e6b9a9fff3582849a8c5a03ac1e10b2) Importer(815301076,1909f56bfc062723c751e8b465ee728b)
Start importing Assets/Assets using Guid(4e6b9a9fff3582849a8c5a03ac1e10b2) Importer(815301076,1909f56bfc062723c751e8b465ee728b)  -> (artifact id: 'c25dac7134f09054dd335878629a937e') in 0.001095 seconds
Number of updated asset objects reloaded before import = 0
Number of asset objects unloaded after import = 0
========================================================================
Received Import Request.
  Time since last request: 0.938728 seconds.
  path: Assets/Assets
  artifactKey: Guid(4e6b9a9fff3582849a8c5a03ac1e10b2) Importer(2089858483,0ecaa5967403d082aa24f35e1b516d23)
Start importing Assets/Assets using Guid(4e6b9a9fff3582849a8c5a03ac1e10b2) Importer(2089858483,0ecaa5967403d082aa24f35e1b516d23) Generated GUIDs only implemented for interfaces!
 -> (artifact id: '3e9e1faa096c35bb7ab18225a13cd65c') in 0.015222 seconds
Number of updated asset objects reloaded before import = 0
Number of asset objects unloaded after import = 1
========================================================================
Received Import Request.
  Time since last request: 5.109740 seconds.
  path: Assets/Assets/Hand Painted Grass  Texture
  artifactKey: Guid(6b7727a6067996540b9a94b6a8c1ab4f) Importer(2089858483,0ecaa5967403d082aa24f35e1b516d23)
Start importing Assets/Assets/Hand Painted Grass  Texture using Guid(6b7727a6067996540b9a94b6a8c1ab4f) Importer(2089858483,0ecaa5967403d082aa24f35e1b516d23) Generated GUIDs only implemented for interfaces!
 -> (artifact id: 'fa54bb39bac528a00bc5c36b0a33271b') in 0.030991 seconds
Number of updated asset objects reloaded before import = 0
Number of asset objects unloaded after import = 1
========================================================================
Received Import Request.
  Time since last request: 0.000141 seconds.
  path: Assets/Assets/Hand Painted Grass  Texture/Texture/Grass_Height.png
  artifactKey: Guid(f03ded94d66460b459357d6b9ef021a2) Importer(2089858483,0ecaa5967403d082aa24f35e1b516d23)
Start importing Assets/Assets/Hand Painted Grass  Texture/Texture/Grass_Height.png using Guid(f03ded94d66460b459357d6b9ef021a2) Importer(2089858483,0ecaa5967403d082aa24f35e1b516d23) Generated GUIDs only implemented for interfaces!
 -> (artifact id: 'db71bad7f3083b1a41a3ab060fa1ed07') in 0.227064 seconds
Number of updated asset objects reloaded before import = 0
Number of asset objects unloaded after import = 1
========================================================================
Received Import Request.
  Time since last request: 0.000113 seconds.
  path: Assets/Assets/Hand Painted Grass  Texture/Scene/Hand Painted Grass Texture.unity
  artifactKey: Guid(53239f9da96bf714cadbf60c4be4519e) Importer(2089858483,0ecaa5967403d082aa24f35e1b516d23)
Start importing Assets/Assets/Hand Painted Grass  Texture/Scene/Hand Painted Grass Texture.unity using Guid(53239f9da96bf714cadbf60c4be4519e) Importer(2089858483,0ecaa5967403d082aa24f35e1b516d23) Generated GUIDs only implemented for interfaces!
 -> (artifact id: '453d8e4f21a26342205732ea680a3d46') in 0.035937 seconds
Number of updated asset objects reloaded before import = 0
Number of asset objects unloaded after import = 1
========================================================================
Received Import Request.
  Time since last request: 1.510947 seconds.
  path: Assets/Assets/Soccer Ball/Prefabs
  artifactKey: Guid(0568f5915658c3f4fa3c842868a406ee) Importer(2089858483,0ecaa5967403d082aa24f35e1b516d23)
Start importing Assets/Assets/Soccer Ball/Prefabs using Guid(0568f5915658c3f4fa3c842868a406ee) Importer(2089858483,0ecaa5967403d082aa24f35e1b516d23) Generated GUIDs only implemented for interfaces!
 -> (artifact id: '9450ed9031a5e718755c3ea8f4dd4beb') in 0.033542 seconds
Number of updated asset objects reloaded before import = 0
Number of asset objects unloaded after import = 1
========================================================================
Received Import Request.
  Time since last request: 0.000124 seconds.
  path: Assets/Assets/Soccer Ball/Meshes/Soccer Ball Mesh.fbx
  artifactKey: Guid(58119f7e9f45c2944a0b18dd33378ffd) Importer(2089858483,0ecaa5967403d082aa24f35e1b516d23)
Start importing Assets/Assets/Soccer Ball/Meshes/Soccer Ball Mesh.fbx using Guid(58119f7e9f45c2944a0b18dd33378ffd) Importer(2089858483,0ecaa5967403d082aa24f35e1b516d23) Generated GUIDs only implemented for interfaces!
 -> (artifact id: 'e048afef60d0b7d193b7005bbb09e19a') in 0.143226 seconds
Number of updated asset objects reloaded before import = 0
Number of asset objects unloaded after import = 7
========================================================================
Received Import Request.
  Time since last request: 342.222608 seconds.
  path: Assets/Scripts
  artifactKey: Guid(4007aad54d533a3418152ee536261f55) Importer(815301076,1909f56bfc062723c751e8b465ee728b)
Start importing Assets/Scripts using Guid(4007aad54d533a3418152ee536261f55) Importer(815301076,1909f56bfc062723c751e8b465ee728b)  -> (artifact id: 'd37206bda5b702131a598f2cf9685fe1') in 0.001543 seconds
Number of updated asset objects reloaded before import = 0
Number of asset objects unloaded after import = 0
========================================================================
Received Import Request.
  Time since last request: 0.938744 seconds.
  path: Assets/Scripts
  artifactKey: Guid(4007aad54d533a3418152ee536261f55) Importer(2089858483,0ecaa5967403d082aa24f35e1b516d23)
Start importing Assets/Scripts using Guid(4007aad54d533a3418152ee536261f55) Importer(2089858483,0ecaa5967403d082aa24f35e1b516d23) Generated GUIDs only implemented for interfaces!
 -> (artifact id: '78741aa95dd7d6b8fbc99081a6446236') in 0.016242 seconds
Number of updated asset objects reloaded before import = 0
Number of asset objects unloaded after import = 1
